c:\users\tim oosterhuis\documents\uni\scivis\smoke\fftw\release\fni_7.obj
c:\users\tim oosterhuis\documents\uni\scivis\smoke\fftw\release\fni_64.obj
c:\users\tim oosterhuis\documents\uni\scivis\smoke\fftw\release\fni_6.obj
c:\users\tim oosterhuis\documents\uni\scivis\smoke\fftw\release\fni_5.obj
c:\users\tim oosterhuis\documents\uni\scivis\smoke\fftw\release\fni_4.obj
c:\users\tim oosterhuis\documents\uni\scivis\smoke\fftw\release\fni_32.obj
c:\users\tim oosterhuis\documents\uni\scivis\smoke\fftw\release\fni_3.obj
c:\users\tim oosterhuis\documents\uni\scivis\smoke\fftw\release\fni_2.obj
c:\users\tim oosterhuis\documents\uni\scivis\smoke\fftw\release\fni_16.obj
c:\users\tim oosterhuis\documents\uni\scivis\smoke\fftw\release\fni_15.obj
c:\users\tim oosterhuis\documents\uni\scivis\smoke\fftw\release\fni_14.obj
c:\users\tim oosterhuis\documents\uni\scivis\smoke\fftw\release\fni_13.obj
c:\users\tim oosterhuis\documents\uni\scivis\smoke\fftw\release\fni_12.obj
c:\users\tim oosterhuis\documents\uni\scivis\smoke\fftw\release\fni_11.obj
c:\users\tim oosterhuis\documents\uni\scivis\smoke\fftw\release\fni_10.obj
c:\users\tim oosterhuis\documents\uni\scivis\smoke\fftw\release\fni_1.obj
c:\users\tim oosterhuis\documents\uni\scivis\smoke\fftw\release\fftwnd.obj
c:\users\tim oosterhuis\documents\uni\scivis\smoke\fftw\release\fftwf77.obj
c:\users\tim oosterhuis\documents\uni\scivis\smoke\fftw\release\executor.obj
c:\users\tim oosterhuis\documents\uni\scivis\smoke\fftw\release\config.obj
c:\users\tim oosterhuis\documents\uni\scivis\smoke\fftw\release\fn_9.obj
c:\users\tim oosterhuis\documents\uni\scivis\smoke\fftw\release\fn_8.obj
c:\users\tim oosterhuis\documents\uni\scivis\smoke\fftw\release\fn_7.obj
c:\users\tim oosterhuis\documents\uni\scivis\smoke\fftw\release\fn_64.obj
c:\users\tim oosterhuis\documents\uni\scivis\smoke\fftw\release\fn_6.obj
c:\users\tim oosterhuis\documents\uni\scivis\smoke\fftw\release\fn_5.obj
c:\users\tim oosterhuis\documents\uni\scivis\smoke\fftw\release\fn_4.obj
c:\users\tim oosterhuis\documents\uni\scivis\smoke\fftw\release\fn_32.obj
c:\users\tim oosterhuis\documents\uni\scivis\smoke\fftw\release\fn_3.obj
c:\users\tim oosterhuis\documents\uni\scivis\smoke\fftw\release\fn_2.obj
c:\users\tim oosterhuis\documents\uni\scivis\smoke\fftw\release\fn_16.obj
c:\users\tim oosterhuis\documents\uni\scivis\smoke\fftw\release\fn_15.obj
c:\users\tim oosterhuis\documents\uni\scivis\smoke\fftw\release\fn_14.obj
c:\users\tim oosterhuis\documents\uni\scivis\smoke\fftw\release\fn_13.obj
c:\users\tim oosterhuis\documents\uni\scivis\smoke\fftw\release\fn_12.obj
c:\users\tim oosterhuis\documents\uni\scivis\smoke\fftw\release\fn_11.obj
c:\users\tim oosterhuis\documents\uni\scivis\smoke\fftw\release\fn_10.obj
c:\users\tim oosterhuis\documents\uni\scivis\smoke\fftw\release\fn_1.obj
c:\users\tim oosterhuis\documents\uni\scivis\smoke\fftw\release\fni_9.obj
c:\users\tim oosterhuis\documents\uni\scivis\smoke\fftw\release\fni_8.obj
c:\users\tim oosterhuis\documents\uni\scivis\smoke\fftw\release\ftw_6.obj
c:\users\tim oosterhuis\documents\uni\scivis\smoke\fftw\release\ftw_5.obj
c:\users\tim oosterhuis\documents\uni\scivis\smoke\fftw\release\ftw_4.obj
c:\users\tim oosterhuis\documents\uni\scivis\smoke\fftw\release\ftw_32.obj
c:\users\tim oosterhuis\documents\uni\scivis\smoke\fftw\release\ftw_3.obj
c:\users\tim oosterhuis\documents\uni\scivis\smoke\fftw\release\ftw_2.obj
c:\users\tim oosterhuis\documents\uni\scivis\smoke\fftw\release\ftw_16.obj
c:\users\tim oosterhuis\documents\uni\scivis\smoke\fftw\release\ftw_10.obj
c:\users\tim oosterhuis\documents\uni\scivis\smoke\fftw\release\ftwi_9.obj
c:\users\tim oosterhuis\documents\uni\scivis\smoke\fftw\release\ftwi_8.obj
c:\users\tim oosterhuis\documents\uni\scivis\smoke\fftw\release\ftwi_7.obj
c:\users\tim oosterhuis\documents\uni\scivis\smoke\fftw\release\ftwi_64.obj
c:\users\tim oosterhuis\documents\uni\scivis\smoke\fftw\release\ftwi_6.obj
c:\users\tim oosterhuis\documents\uni\scivis\smoke\fftw\release\ftwi_5.obj
c:\users\tim oosterhuis\documents\uni\scivis\smoke\fftw\release\ftwi_4.obj
c:\users\tim oosterhuis\documents\uni\scivis\smoke\fftw\release\ftwi_32.obj
c:\users\tim oosterhuis\documents\uni\scivis\smoke\fftw\release\ftwi_3.obj
c:\users\tim oosterhuis\documents\uni\scivis\smoke\fftw\release\ftwi_2.obj
c:\users\tim oosterhuis\documents\uni\scivis\smoke\fftw\release\ftwi_16.obj
c:\users\tim oosterhuis\documents\uni\scivis\smoke\fftw\release\ftwi_10.obj
c:\users\tim oosterhuis\documents\uni\scivis\smoke\fftw\release\fcr_14.obj
c:\users\tim oosterhuis\documents\uni\scivis\smoke\fftw\release\fcr_13.obj
c:\users\tim oosterhuis\documents\uni\scivis\smoke\fftw\release\fcr_128.obj
c:\users\tim oosterhuis\documents\uni\scivis\smoke\fftw\release\fcr_12.obj
c:\users\tim oosterhuis\documents\uni\scivis\smoke\fftw\release\fcr_11.obj
c:\users\tim oosterhuis\documents\uni\scivis\smoke\fftw\release\fcr_10.obj
c:\users\tim oosterhuis\documents\uni\scivis\smoke\fftw\release\fcr_1.obj
c:\users\tim oosterhuis\documents\uni\scivis\smoke\fftw\release\wisdomio.obj
c:\users\tim oosterhuis\documents\uni\scivis\smoke\fftw\release\wisdom.obj
c:\users\tim oosterhuis\documents\uni\scivis\smoke\fftw\release\twiddle.obj
c:\users\tim oosterhuis\documents\uni\scivis\smoke\fftw\release\timer.obj
c:\users\tim oosterhuis\documents\uni\scivis\smoke\fftw\release\rader.obj
c:\users\tim oosterhuis\documents\uni\scivis\smoke\fftw\release\putils.obj
c:\users\tim oosterhuis\documents\uni\scivis\smoke\fftw\release\planner.obj
c:\users\tim oosterhuis\documents\uni\scivis\smoke\fftw\release\malloc.obj
c:\users\tim oosterhuis\documents\uni\scivis\smoke\fftw\release\generic.obj
c:\users\tim oosterhuis\documents\uni\scivis\smoke\fftw\release\ftw_9.obj
c:\users\tim oosterhuis\documents\uni\scivis\smoke\fftw\release\ftw_8.obj
c:\users\tim oosterhuis\documents\uni\scivis\smoke\fftw\release\ftw_7.obj
c:\users\tim oosterhuis\documents\uni\scivis\smoke\fftw\release\ftw_64.obj
c:\users\tim oosterhuis\documents\uni\scivis\smoke\fftw\release\fhb_6.obj
c:\users\tim oosterhuis\documents\uni\scivis\smoke\fftw\release\fhb_5.obj
c:\users\tim oosterhuis\documents\uni\scivis\smoke\fftw\release\fhb_4.obj
c:\users\tim oosterhuis\documents\uni\scivis\smoke\fftw\release\fhb_32.obj
c:\users\tim oosterhuis\documents\uni\scivis\smoke\fftw\release\fhb_3.obj
c:\users\tim oosterhuis\documents\uni\scivis\smoke\fftw\release\fhb_2.obj
c:\users\tim oosterhuis\documents\uni\scivis\smoke\fftw\release\fhb_16.obj
c:\users\tim oosterhuis\documents\uni\scivis\smoke\fftw\release\fhb_10.obj
c:\users\tim oosterhuis\documents\uni\scivis\smoke\fftw\release\fcr_9.obj
c:\users\tim oosterhuis\documents\uni\scivis\smoke\fftw\release\fcr_8.obj
c:\users\tim oosterhuis\documents\uni\scivis\smoke\fftw\release\fcr_7.obj
c:\users\tim oosterhuis\documents\uni\scivis\smoke\fftw\release\fcr_64.obj
c:\users\tim oosterhuis\documents\uni\scivis\smoke\fftw\release\fcr_6.obj
c:\users\tim oosterhuis\documents\uni\scivis\smoke\fftw\release\fcr_5.obj
c:\users\tim oosterhuis\documents\uni\scivis\smoke\fftw\release\fcr_4.obj
c:\users\tim oosterhuis\documents\uni\scivis\smoke\fftw\release\fcr_32.obj
c:\users\tim oosterhuis\documents\uni\scivis\smoke\fftw\release\fcr_3.obj
c:\users\tim oosterhuis\documents\uni\scivis\smoke\fftw\release\fcr_2.obj
c:\users\tim oosterhuis\documents\uni\scivis\smoke\fftw\release\fcr_16.obj
c:\users\tim oosterhuis\documents\uni\scivis\smoke\fftw\release\fcr_15.obj
c:\users\tim oosterhuis\documents\uni\scivis\smoke\fftw\release\frc_13.obj
c:\users\tim oosterhuis\documents\uni\scivis\smoke\fftw\release\frc_128.obj
c:\users\tim oosterhuis\documents\uni\scivis\smoke\fftw\release\frc_12.obj
c:\users\tim oosterhuis\documents\uni\scivis\smoke\fftw\release\frc_11.obj
c:\users\tim oosterhuis\documents\uni\scivis\smoke\fftw\release\frc_10.obj
c:\users\tim oosterhuis\documents\uni\scivis\smoke\fftw\release\frc_1.obj
c:\users\tim oosterhuis\documents\uni\scivis\smoke\fftw\release\fhf_9.obj
c:\users\tim oosterhuis\documents\uni\scivis\smoke\fftw\release\fhf_8.obj
c:\users\tim oosterhuis\documents\uni\scivis\smoke\fftw\release\fhf_7.obj
c:\users\tim oosterhuis\documents\uni\scivis\smoke\fftw\release\fhf_6.obj
c:\users\tim oosterhuis\documents\uni\scivis\smoke\fftw\release\fhf_5.obj
c:\users\tim oosterhuis\documents\uni\scivis\smoke\fftw\release\fhf_4.obj
c:\users\tim oosterhuis\documents\uni\scivis\smoke\fftw\release\fhf_32.obj
c:\users\tim oosterhuis\documents\uni\scivis\smoke\fftw\release\fhf_3.obj
c:\users\tim oosterhuis\documents\uni\scivis\smoke\fftw\release\fhf_2.obj
c:\users\tim oosterhuis\documents\uni\scivis\smoke\fftw\release\fhf_16.obj
c:\users\tim oosterhuis\documents\uni\scivis\smoke\fftw\release\fhf_10.obj
c:\users\tim oosterhuis\documents\uni\scivis\smoke\fftw\release\fhb_9.obj
c:\users\tim oosterhuis\documents\uni\scivis\smoke\fftw\release\fhb_8.obj
c:\users\tim oosterhuis\documents\uni\scivis\smoke\fftw\release\fhb_7.obj
c:\users\tim oosterhuis\documents\uni\scivis\smoke\fftw\release\rplanner.obj
c:\users\tim oosterhuis\documents\uni\scivis\smoke\fftw\release\rgeneric.obj
c:\users\tim oosterhuis\documents\uni\scivis\smoke\fftw\release\rfftwnd.obj
c:\users\tim oosterhuis\documents\uni\scivis\smoke\fftw\release\rfftwf77.obj
c:\users\tim oosterhuis\documents\uni\scivis\smoke\fftw\release\rexec2.obj
c:\users\tim oosterhuis\documents\uni\scivis\smoke\fftw\release\rexec.obj
c:\users\tim oosterhuis\documents\uni\scivis\smoke\fftw\release\rconfig.obj
c:\users\tim oosterhuis\documents\uni\scivis\smoke\fftw\release\frc_9.obj
c:\users\tim oosterhuis\documents\uni\scivis\smoke\fftw\release\frc_8.obj
c:\users\tim oosterhuis\documents\uni\scivis\smoke\fftw\release\frc_7.obj
c:\users\tim oosterhuis\documents\uni\scivis\smoke\fftw\release\frc_64.obj
c:\users\tim oosterhuis\documents\uni\scivis\smoke\fftw\release\frc_6.obj
c:\users\tim oosterhuis\documents\uni\scivis\smoke\fftw\release\frc_5.obj
c:\users\tim oosterhuis\documents\uni\scivis\smoke\fftw\release\frc_4.obj
c:\users\tim oosterhuis\documents\uni\scivis\smoke\fftw\release\frc_32.obj
c:\users\tim oosterhuis\documents\uni\scivis\smoke\fftw\release\frc_3.obj
c:\users\tim oosterhuis\documents\uni\scivis\smoke\fftw\release\frc_2.obj
c:\users\tim oosterhuis\documents\uni\scivis\smoke\fftw\release\frc_16.obj
c:\users\tim oosterhuis\documents\uni\scivis\smoke\fftw\release\frc_15.obj
c:\users\tim oosterhuis\documents\uni\scivis\smoke\fftw\release\frc_14.obj
c:\users\tim oosterhuis\documents\uni\scivis\smoke\library\fftw.lib
c:\users\tim oosterhuis\documents\uni\scivis\smoke\fftw\release\fftw.tlog\cl.command.1.tlog
c:\users\tim oosterhuis\documents\uni\scivis\smoke\fftw\release\fftw.tlog\cl.read.1.tlog
c:\users\tim oosterhuis\documents\uni\scivis\smoke\fftw\release\fftw.tlog\cl.write.1.tlog
c:\users\tim oosterhuis\documents\uni\scivis\smoke\fftw\release\fftw.tlog\lib-link.read.1.tlog
c:\users\tim oosterhuis\documents\uni\scivis\smoke\fftw\release\fftw.tlog\lib-link.write.1.tlog
c:\users\tim oosterhuis\documents\uni\scivis\smoke\fftw\release\fftw.tlog\lib.command.1.tlog
